<?xml version="1.0" encoding="UTF-8"?>
<!-- Generated by org.testng.reporters.JUnitReportReporter -->
<testsuite hostname="WELCOME" failures="0" tests="13" name="app.tests.SpeakEnglishTests" time="42.523" errors="0" timestamp="2022-03-14T21:23:34 IST" skipped="12">
  <testcase classname="app.tests.SpeakEnglishTests" name="verifyViewAllFK" time="42.523"/>
  <testcase classname="app.tests.SpeakEnglishTests" name="verifyImagesOnLandingPage">
    <skipped/>
  </testcase> <!-- verifyImagesOnLandingPage -->
  <testcase classname="app.tests.SpeakEnglishTests" name="verifyAutomationPageTitle">
    <skipped/>
  </testcase> <!-- verifyAutomationPageTitle -->
  <testcase classname="app.tests.SpeakEnglishTests" name="verifyTableData">
    <skipped/>
  </testcase> <!-- verifyTableData -->
  <testcase classname="app.tests.SpeakEnglishTests" name="verifyMenuOptions">
    <skipped/>
  </testcase> <!-- verifyMenuOptions -->
  <testcase classname="app.tests.SpeakEnglishTests" name="verifyGuruRegistrationPage">
    <skipped/>
  </testcase> <!-- verifyGuruRegistrationPage -->
  <testcase classname="app.tests.SpeakEnglishTests" name="verifyTechlistIcWebTable">
    <skipped/>
  </testcase> <!-- verifyTechlistIcWebTable -->
  <testcase classname="app.tests.SpeakEnglishTests" name="verifyCosmocodeWebTable">
    <skipped/>
  </testcase> <!-- verifyCosmocodeWebTable -->
  <testcase classname="app.tests.SpeakEnglishTests" name="verifyInvalidUser">
    <skipped/>
  </testcase> <!-- verifyInvalidUser -->
  <testcase classname="app.tests.SpeakEnglishTests" name="verifySearchBook">
    <skipped/>
  </testcase> <!-- verifySearchBook -->
  <testcase classname="app.tests.SpeakEnglishTests" name="verifyValidUser">
    <skipped/>
  </testcase> <!-- verifyValidUser -->
  <testcase classname="app.tests.SpeakEnglishTests" name="verifyCountryDropdown">
    <skipped/>
  </testcase> <!-- verifyCountryDropdown -->
  <testcase classname="app.tests.SpeakEnglishTests" name="verifyWebTable">
    <skipped/>
  </testcase> <!-- verifyWebTable -->
</testsuite> <!-- app.tests.SpeakEnglishTests -->
